{
    "C:\\Projects\\MovieSwiper-server\\src\\lib\\prisma.ts": {
        "path": "C:\\Projects\\MovieSwiper-server\\src\\lib\\prisma.ts",
        "statementMap": {
            "0": {
                "start": { "line": 3, "column": 15 },
                "end": { "line": 3, "column": null }
            }
        },
        "fnMap": {},
        "branchMap": {},
        "s": { "0": 1 },
        "f": {},
        "b": {},
        "meta": {
            "lastBranch": 0,
            "lastFunction": 0,
            "lastStatement": 1,
            "seen": { "s:3:15:3:Infinity": 0 }
        }
    },
    "C:\\Projects\\MovieSwiper-server\\src\\middleware\\auth.ts": {
        "path": "C:\\Projects\\MovieSwiper-server\\src\\middleware\\auth.ts",
        "statementMap": {
            "0": {
                "start": { "line": 6, "column": 13 },
                "end": { "line": 10, "column": null }
            },
            "1": {
                "start": { "line": 12, "column": 27 },
                "end": { "line": 28, "column": null }
            },
            "2": {
                "start": { "line": 15, "column": 18 },
                "end": { "line": 15, "column": null }
            },
            "3": {
                "start": { "line": 17, "column": 4 },
                "end": { "line": 19, "column": null }
            },
            "4": {
                "start": { "line": 18, "column": 8 },
                "end": { "line": 18, "column": null }
            },
            "5": {
                "start": { "line": 21, "column": 4 },
                "end": { "line": 27, "column": null }
            },
            "6": {
                "start": { "line": 22, "column": 24 },
                "end": { "line": 22, "column": null }
            },
            "7": {
                "start": { "line": 23, "column": 8 },
                "end": { "line": 23, "column": null }
            },
            "8": {
                "start": { "line": 24, "column": 8 },
                "end": { "line": 24, "column": null }
            },
            "9": {
                "start": { "line": 26, "column": 8 },
                "end": { "line": 26, "column": null }
            },
            "10": {
                "start": { "line": 30, "column": 28 },
                "end": { "line": 47, "column": null }
            },
            "11": {
                "start": { "line": 32, "column": 18 },
                "end": { "line": 32, "column": null }
            },
            "12": {
                "start": { "line": 34, "column": 4 },
                "end": { "line": 37, "column": null }
            },
            "13": {
                "start": { "line": 36, "column": 8 },
                "end": { "line": 36, "column": null }
            },
            "14": {
                "start": { "line": 39, "column": 4 },
                "end": { "line": 46, "column": null }
            },
            "15": {
                "start": { "line": 40, "column": 24 },
                "end": { "line": 40, "column": null }
            },
            "16": {
                "start": { "line": 41, "column": 8 },
                "end": { "line": 41, "column": null }
            },
            "17": {
                "start": { "line": 42, "column": 8 },
                "end": { "line": 42, "column": null }
            },
            "18": {
                "start": { "line": 45, "column": 8 },
                "end": { "line": 45, "column": null }
            }
        },
        "fnMap": {
            "0": {
                "name": "(anonymous_0)",
                "decl": {
                    "start": { "line": 12, "column": 27 },
                    "end": { "line": 12, "column": 28 }
                },
                "loc": {
                    "start": { "line": 12, "column": 80 },
                    "end": { "line": 28, "column": null }
                },
                "line": 12
            },
            "1": {
                "name": "(anonymous_1)",
                "decl": {
                    "start": { "line": 30, "column": 28 },
                    "end": { "line": 30, "column": 29 }
                },
                "loc": {
                    "start": { "line": 30, "column": 81 },
                    "end": { "line": 47, "column": null }
                },
                "line": 30
            }
        },
        "branchMap": {
            "0": {
                "loc": {
                    "start": { "line": 15, "column": 18 },
                    "end": { "line": 15, "column": null }
                },
                "type": "binary-expr",
                "locations": [
                    {
                        "start": { "line": 15, "column": 18 },
                        "end": { "line": 15, "column": 62 }
                    },
                    {
                        "start": { "line": 15, "column": 62 },
                        "end": { "line": 15, "column": null }
                    }
                ],
                "line": 15
            },
            "1": {
                "loc": {
                    "start": { "line": 17, "column": 4 },
                    "end": { "line": 19, "column": null }
                },
                "type": "if",
                "locations": [
                    {
                        "start": { "line": 17, "column": 4 },
                        "end": { "line": 19, "column": null }
                    },
                    { "start": {}, "end": {} }
                ],
                "line": 17
            },
            "2": {
                "loc": {
                    "start": { "line": 22, "column": 42 },
                    "end": { "line": 22, "column": 70 }
                },
                "type": "binary-expr",
                "locations": [
                    {
                        "start": { "line": 22, "column": 42 },
                        "end": { "line": 22, "column": 68 }
                    },
                    {
                        "start": { "line": 22, "column": 68 },
                        "end": { "line": 22, "column": 70 }
                    }
                ],
                "line": 22
            },
            "3": {
                "loc": {
                    "start": { "line": 32, "column": 18 },
                    "end": { "line": 32, "column": null }
                },
                "type": "binary-expr",
                "locations": [
                    {
                        "start": { "line": 32, "column": 18 },
                        "end": { "line": 32, "column": 62 }
                    },
                    {
                        "start": { "line": 32, "column": 62 },
                        "end": { "line": 32, "column": null }
                    }
                ],
                "line": 32
            },
            "4": {
                "loc": {
                    "start": { "line": 34, "column": 4 },
                    "end": { "line": 37, "column": null }
                },
                "type": "if",
                "locations": [
                    {
                        "start": { "line": 34, "column": 4 },
                        "end": { "line": 37, "column": null }
                    },
                    { "start": {}, "end": {} }
                ],
                "line": 34
            },
            "5": {
                "loc": {
                    "start": { "line": 40, "column": 42 },
                    "end": { "line": 40, "column": 70 }
                },
                "type": "binary-expr",
                "locations": [
                    {
                        "start": { "line": 40, "column": 42 },
                        "end": { "line": 40, "column": 68 }
                    },
                    {
                        "start": { "line": 40, "column": 68 },
                        "end": { "line": 40, "column": 70 }
                    }
                ],
                "line": 40
            }
        },
        "s": {
            "0": 1,
            "1": 1,
            "2": 11,
            "3": 11,
            "4": 3,
            "5": 8,
            "6": 8,
            "7": 11,
            "8": 11,
            "9": 0,
            "10": 1,
            "11": 0,
            "12": 0,
            "13": 0,
            "14": 0,
            "15": 0,
            "16": 0,
            "17": 0,
            "18": 0
        },
        "f": { "0": 11, "1": 0 },
        "b": {
            "0": [11, 11],
            "1": [3, 8],
            "2": [8, 0],
            "3": [0, 0],
            "4": [0, 0],
            "5": [0, 0]
        },
        "meta": {
            "lastBranch": 6,
            "lastFunction": 2,
            "lastStatement": 19,
            "seen": {
                "s:6:13:10:Infinity": 0,
                "s:12:27:28:Infinity": 1,
                "f:12:27:12:28": 0,
                "s:15:18:15:Infinity": 2,
                "b:15:18:15:62:15:62:15:Infinity": 0,
                "b:17:4:19:Infinity:undefined:undefined:undefined:undefined": 1,
                "s:17:4:19:Infinity": 3,
                "s:18:8:18:Infinity": 4,
                "s:21:4:27:Infinity": 5,
                "s:22:24:22:Infinity": 6,
                "b:22:42:22:68:22:68:22:70": 2,
                "s:23:8:23:Infinity": 7,
                "s:24:8:24:Infinity": 8,
                "s:26:8:26:Infinity": 9,
                "s:30:28:47:Infinity": 10,
                "f:30:28:30:29": 1,
                "s:32:18:32:Infinity": 11,
                "b:32:18:32:62:32:62:32:Infinity": 3,
                "b:34:4:37:Infinity:undefined:undefined:undefined:undefined": 4,
                "s:34:4:37:Infinity": 12,
                "s:36:8:36:Infinity": 13,
                "s:39:4:46:Infinity": 14,
                "s:40:24:40:Infinity": 15,
                "b:40:42:40:68:40:68:40:70": 5,
                "s:41:8:41:Infinity": 16,
                "s:42:8:42:Infinity": 17,
                "s:45:8:45:Infinity": 18
            }
        }
    },
    "C:\\Projects\\MovieSwiper-server\\src\\middleware\\validate.ts": {
        "path": "C:\\Projects\\MovieSwiper-server\\src\\middleware\\validate.ts",
        "statementMap": {
            "0": {
                "start": { "line": 4, "column": 31 },
                "end": { "line": 20, "column": null }
            },
            "1": {
                "start": { "line": 7, "column": 2 },
                "end": { "line": 19, "column": null }
            },
            "2": {
                "start": { "line": 8, "column": 4 },
                "end": { "line": 18, "column": null }
            },
            "3": {
                "start": { "line": 9, "column": 6 },
                "end": { "line": 9, "column": null }
            },
            "4": {
                "start": { "line": 10, "column": 6 },
                "end": { "line": 10, "column": null }
            },
            "5": {
                "start": { "line": 12, "column": 6 },
                "end": { "line": 16, "column": null }
            },
            "6": {
                "start": { "line": 13, "column": 8 },
                "end": { "line": 15, "column": null }
            },
            "7": {
                "start": { "line": 17, "column": 6 },
                "end": { "line": 17, "column": null }
            },
            "8": {
                "start": { "line": 22, "column": 32 },
                "end": { "line": 38, "column": null }
            },
            "9": {
                "start": { "line": 25, "column": 2 },
                "end": { "line": 37, "column": null }
            },
            "10": {
                "start": { "line": 26, "column": 4 },
                "end": { "line": 36, "column": null }
            },
            "11": {
                "start": { "line": 27, "column": 6 },
                "end": { "line": 27, "column": null }
            },
            "12": {
                "start": { "line": 28, "column": 6 },
                "end": { "line": 28, "column": null }
            },
            "13": {
                "start": { "line": 30, "column": 6 },
                "end": { "line": 34, "column": null }
            },
            "14": {
                "start": { "line": 31, "column": 8 },
                "end": { "line": 33, "column": null }
            },
            "15": {
                "start": { "line": 35, "column": 6 },
                "end": { "line": 35, "column": null }
            },
            "16": {
                "start": { "line": 40, "column": 33 },
                "end": { "line": 56, "column": null }
            },
            "17": {
                "start": { "line": 43, "column": 2 },
                "end": { "line": 55, "column": null }
            },
            "18": {
                "start": { "line": 44, "column": 4 },
                "end": { "line": 54, "column": null }
            },
            "19": {
                "start": { "line": 45, "column": 6 },
                "end": { "line": 45, "column": null }
            },
            "20": {
                "start": { "line": 46, "column": 6 },
                "end": { "line": 46, "column": null }
            },
            "21": {
                "start": { "line": 48, "column": 6 },
                "end": { "line": 52, "column": null }
            },
            "22": {
                "start": { "line": 49, "column": 8 },
                "end": { "line": 51, "column": null }
            },
            "23": {
                "start": { "line": 53, "column": 6 },
                "end": { "line": 53, "column": null }
            }
        },
        "fnMap": {
            "0": {
                "name": "(anonymous_0)",
                "decl": {
                    "start": { "line": 4, "column": 31 },
                    "end": { "line": 4, "column": null }
                },
                "loc": {
                    "start": { "line": 6, "column": 5 },
                    "end": { "line": 20, "column": null }
                },
                "line": 6
            },
            "1": {
                "name": "(anonymous_1)",
                "decl": {
                    "start": { "line": 7, "column": 9 },
                    "end": { "line": 7, "column": 16 }
                },
                "loc": {
                    "start": { "line": 7, "column": 68 },
                    "end": { "line": 19, "column": null }
                },
                "line": 7
            },
            "2": {
                "name": "(anonymous_2)",
                "decl": {
                    "start": { "line": 22, "column": 32 },
                    "end": { "line": 22, "column": null }
                },
                "loc": {
                    "start": { "line": 24, "column": 5 },
                    "end": { "line": 38, "column": null }
                },
                "line": 24
            },
            "3": {
                "name": "(anonymous_3)",
                "decl": {
                    "start": { "line": 25, "column": 9 },
                    "end": { "line": 25, "column": 16 }
                },
                "loc": {
                    "start": { "line": 25, "column": 68 },
                    "end": { "line": 37, "column": null }
                },
                "line": 25
            },
            "4": {
                "name": "(anonymous_4)",
                "decl": {
                    "start": { "line": 40, "column": 33 },
                    "end": { "line": 40, "column": null }
                },
                "loc": {
                    "start": { "line": 42, "column": 5 },
                    "end": { "line": 56, "column": null }
                },
                "line": 42
            },
            "5": {
                "name": "(anonymous_5)",
                "decl": {
                    "start": { "line": 43, "column": 9 },
                    "end": { "line": 43, "column": 16 }
                },
                "loc": {
                    "start": { "line": 43, "column": 68 },
                    "end": { "line": 55, "column": null }
                },
                "line": 43
            }
        },
        "branchMap": {
            "0": {
                "loc": {
                    "start": { "line": 12, "column": 6 },
                    "end": { "line": 16, "column": null }
                },
                "type": "if",
                "locations": [
                    {
                        "start": { "line": 12, "column": 6 },
                        "end": { "line": 16, "column": null }
                    },
                    { "start": {}, "end": {} }
                ],
                "line": 12
            },
            "1": {
                "loc": {
                    "start": { "line": 30, "column": 6 },
                    "end": { "line": 34, "column": null }
                },
                "type": "if",
                "locations": [
                    {
                        "start": { "line": 30, "column": 6 },
                        "end": { "line": 34, "column": null }
                    },
                    { "start": {}, "end": {} }
                ],
                "line": 30
            },
            "2": {
                "loc": {
                    "start": { "line": 48, "column": 6 },
                    "end": { "line": 52, "column": null }
                },
                "type": "if",
                "locations": [
                    {
                        "start": { "line": 48, "column": 6 },
                        "end": { "line": 52, "column": null }
                    },
                    { "start": {}, "end": {} }
                ],
                "line": 48
            }
        },
        "s": {
            "0": 2,
            "1": 4,
            "2": 7,
            "3": 7,
            "4": 5,
            "5": 2,
            "6": 2,
            "7": 0,
            "8": 2,
            "9": 3,
            "10": 3,
            "11": 3,
            "12": 2,
            "13": 1,
            "14": 1,
            "15": 0,
            "16": 2,
            "17": 3,
            "18": 4,
            "19": 4,
            "20": 3,
            "21": 1,
            "22": 1,
            "23": 0
        },
        "f": { "0": 4, "1": 7, "2": 3, "3": 3, "4": 3, "5": 4 },
        "b": { "0": [2, 0], "1": [1, 0], "2": [1, 0] },
        "meta": {
            "lastBranch": 3,
            "lastFunction": 6,
            "lastStatement": 24,
            "seen": {
                "s:4:31:20:Infinity": 0,
                "f:4:31:4:Infinity": 0,
                "s:7:2:19:Infinity": 1,
                "f:7:9:7:16": 1,
                "s:8:4:18:Infinity": 2,
                "s:9:6:9:Infinity": 3,
                "s:10:6:10:Infinity": 4,
                "b:12:6:16:Infinity:undefined:undefined:undefined:undefined": 0,
                "s:12:6:16:Infinity": 5,
                "s:13:8:15:Infinity": 6,
                "s:17:6:17:Infinity": 7,
                "s:22:32:38:Infinity": 8,
                "f:22:32:22:Infinity": 2,
                "s:25:2:37:Infinity": 9,
                "f:25:9:25:16": 3,
                "s:26:4:36:Infinity": 10,
                "s:27:6:27:Infinity": 11,
                "s:28:6:28:Infinity": 12,
                "b:30:6:34:Infinity:undefined:undefined:undefined:undefined": 1,
                "s:30:6:34:Infinity": 13,
                "s:31:8:33:Infinity": 14,
                "s:35:6:35:Infinity": 15,
                "s:40:33:56:Infinity": 16,
                "f:40:33:40:Infinity": 4,
                "s:43:2:55:Infinity": 17,
                "f:43:9:43:16": 5,
                "s:44:4:54:Infinity": 18,
                "s:45:6:45:Infinity": 19,
                "s:46:6:46:Infinity": 20,
                "b:48:6:52:Infinity:undefined:undefined:undefined:undefined": 2,
                "s:48:6:52:Infinity": 21,
                "s:49:8:51:Infinity": 22,
                "s:53:6:53:Infinity": 23
            }
        }
    },
    "C:\\Projects\\MovieSwiper-server\\src\\routes\\watchlist.ts": {
        "path": "C:\\Projects\\MovieSwiper-server\\src\\routes\\watchlist.ts",
        "statementMap": {
            "0": {
                "start": { "line": 20, "column": 6 },
                "end": { "line": 20, "column": null }
            },
            "1": {
                "start": { "line": 23, "column": 0 },
                "end": { "line": 45, "column": null }
            },
            "2": {
                "start": { "line": 24, "column": 2 },
                "end": { "line": 27, "column": null }
            },
            "3": {
                "start": { "line": 25, "column": 50 },
                "end": { "line": 25, "column": null }
            },
            "4": {
                "start": { "line": 26, "column": 4 },
                "end": { "line": 26, "column": null }
            },
            "5": {
                "start": { "line": 29, "column": 2 },
                "end": { "line": 44, "column": null }
            },
            "6": {
                "start": { "line": 30, "column": 26 },
                "end": { "line": 34, "column": null }
            },
            "7": {
                "start": { "line": 36, "column": 40 },
                "end": { "line": 36, "column": null }
            },
            "8": {
                "start": { "line": 37, "column": 4 },
                "end": { "line": 37, "column": null }
            },
            "9": {
                "start": { "line": 39, "column": 4 },
                "end": { "line": 39, "column": null }
            },
            "10": {
                "start": { "line": 40, "column": 50 },
                "end": { "line": 42, "column": null }
            },
            "11": {
                "start": { "line": 43, "column": 4 },
                "end": { "line": 43, "column": null }
            },
            "12": {
                "start": { "line": 48, "column": 0 },
                "end": { "line": 112, "column": null }
            },
            "13": {
                "start": { "line": 49, "column": 4 },
                "end": { "line": 52, "column": null }
            },
            "14": {
                "start": { "line": 50, "column": 52 },
                "end": { "line": 50, "column": null }
            },
            "15": {
                "start": { "line": 51, "column": 6 },
                "end": { "line": 51, "column": null }
            },
            "16": {
                "start": { "line": 54, "column": 22 },
                "end": { "line": 54, "column": null }
            },
            "17": {
                "start": { "line": 56, "column": 4 },
                "end": { "line": 110, "column": null }
            },
            "18": {
                "start": { "line": 57, "column": 21 },
                "end": { "line": 88, "column": null }
            },
            "19": {
                "start": { "line": 59, "column": 27 },
                "end": { "line": 77, "column": null }
            },
            "20": {
                "start": { "line": 80, "column": 31 },
                "end": { "line": 85, "column": null }
            },
            "21": {
                "start": { "line": 87, "column": 8 },
                "end": { "line": 87, "column": null }
            },
            "22": {
                "start": { "line": 90, "column": 47 },
                "end": { "line": 93, "column": null }
            },
            "23": {
                "start": { "line": 94, "column": 6 },
                "end": { "line": 94, "column": null }
            },
            "24": {
                "start": { "line": 96, "column": 6 },
                "end": { "line": 104, "column": null }
            },
            "25": {
                "start": { "line": 100, "column": 57 },
                "end": { "line": 102, "column": null }
            },
            "26": {
                "start": { "line": 103, "column": 8 },
                "end": { "line": 103, "column": null }
            },
            "27": {
                "start": { "line": 105, "column": 6 },
                "end": { "line": 105, "column": null }
            },
            "28": {
                "start": { "line": 106, "column": 52 },
                "end": { "line": 108, "column": null }
            },
            "29": {
                "start": { "line": 109, "column": 6 },
                "end": { "line": 109, "column": null }
            },
            "30": {
                "start": { "line": 116, "column": 0 },
                "end": { "line": 154, "column": null }
            },
            "31": {
                "start": { "line": 117, "column": 4 },
                "end": { "line": 120, "column": null }
            },
            "32": {
                "start": { "line": 118, "column": 52 },
                "end": { "line": 118, "column": null }
            },
            "33": {
                "start": { "line": 119, "column": 6 },
                "end": { "line": 119, "column": null }
            },
            "34": {
                "start": { "line": 122, "column": 19 },
                "end": { "line": 122, "column": null }
            },
            "35": {
                "start": { "line": 124, "column": 4 },
                "end": { "line": 152, "column": null }
            },
            "36": {
                "start": { "line": 125, "column": 29 },
                "end": { "line": 130, "column": null }
            },
            "37": {
                "start": { "line": 132, "column": 6 },
                "end": { "line": 137, "column": null }
            },
            "38": {
                "start": { "line": 133, "column": 57 },
                "end": { "line": 135, "column": null }
            },
            "39": {
                "start": { "line": 136, "column": 8 },
                "end": { "line": 136, "column": null }
            },
            "40": {
                "start": { "line": 139, "column": 6 },
                "end": { "line": 141, "column": null }
            },
            "41": {
                "start": { "line": 142, "column": 52 },
                "end": { "line": 144, "column": null }
            },
            "42": {
                "start": { "line": 145, "column": 6 },
                "end": { "line": 145, "column": null }
            },
            "43": {
                "start": { "line": 147, "column": 6 },
                "end": { "line": 147, "column": null }
            },
            "44": {
                "start": { "line": 148, "column": 52 },
                "end": { "line": 150, "column": null }
            },
            "45": {
                "start": { "line": 151, "column": 6 },
                "end": { "line": 151, "column": null }
            }
        },
        "fnMap": {
            "0": {
                "name": "(anonymous_0)",
                "decl": {
                    "start": { "line": 23, "column": 25 },
                    "end": { "line": 23, "column": 32 }
                },
                "loc": {
                    "start": { "line": 23, "column": 45 },
                    "end": { "line": 45, "column": 1 }
                },
                "line": 23
            },
            "1": {
                "name": "(anonymous_1)",
                "decl": {
                    "start": { "line": 48, "column": 65 },
                    "end": { "line": 48, "column": 72 }
                },
                "loc": {
                    "start": { "line": 48, "column": 85 },
                    "end": { "line": 111, "column": null }
                },
                "line": 48
            },
            "2": {
                "name": "(anonymous_2)",
                "decl": {
                    "start": { "line": 57, "column": 47 },
                    "end": { "line": 57, "column": 54 }
                },
                "loc": {
                    "start": { "line": 57, "column": 61 },
                    "end": { "line": 88, "column": 7 }
                },
                "line": 57
            },
            "3": {
                "name": "(anonymous_3)",
                "decl": {
                    "start": { "line": 116, "column": 77 },
                    "end": { "line": 116, "column": 84 }
                },
                "loc": {
                    "start": { "line": 116, "column": 97 },
                    "end": { "line": 153, "column": null }
                },
                "line": 116
            }
        },
        "branchMap": {
            "0": {
                "loc": {
                    "start": { "line": 24, "column": 2 },
                    "end": { "line": 27, "column": null }
                },
                "type": "if",
                "locations": [
                    {
                        "start": { "line": 24, "column": 2 },
                        "end": { "line": 27, "column": null }
                    },
                    { "start": {}, "end": {} }
                ],
                "line": 24
            },
            "1": {
                "loc": {
                    "start": { "line": 49, "column": 4 },
                    "end": { "line": 52, "column": null }
                },
                "type": "if",
                "locations": [
                    {
                        "start": { "line": 49, "column": 4 },
                        "end": { "line": 52, "column": null }
                    },
                    { "start": {}, "end": {} }
                ],
                "line": 49
            },
            "2": {
                "loc": {
                    "start": { "line": 96, "column": 6 },
                    "end": { "line": 104, "column": null }
                },
                "type": "if",
                "locations": [
                    {
                        "start": { "line": 96, "column": 6 },
                        "end": { "line": 104, "column": null }
                    },
                    { "start": {}, "end": {} }
                ],
                "line": 96
            },
            "3": {
                "loc": {
                    "start": { "line": 97, "column": 8 },
                    "end": { "line": 98, "column": null }
                },
                "type": "binary-expr",
                "locations": [
                    {
                        "start": { "line": 97, "column": 8 },
                        "end": { "line": 97, "column": null }
                    },
                    {
                        "start": { "line": 98, "column": 8 },
                        "end": { "line": 98, "column": null }
                    }
                ],
                "line": 97
            },
            "4": {
                "loc": {
                    "start": { "line": 117, "column": 4 },
                    "end": { "line": 120, "column": null }
                },
                "type": "if",
                "locations": [
                    {
                        "start": { "line": 117, "column": 4 },
                        "end": { "line": 120, "column": null }
                    },
                    { "start": {}, "end": {} }
                ],
                "line": 117
            },
            "5": {
                "loc": {
                    "start": { "line": 132, "column": 6 },
                    "end": { "line": 137, "column": null }
                },
                "type": "if",
                "locations": [
                    {
                        "start": { "line": 132, "column": 6 },
                        "end": { "line": 137, "column": null }
                    },
                    { "start": {}, "end": {} }
                ],
                "line": 132
            }
        },
        "s": {
            "0": 1,
            "1": 1,
            "2": 2,
            "3": 0,
            "4": 0,
            "5": 2,
            "6": 2,
            "7": 2,
            "8": 2,
            "9": 0,
            "10": 0,
            "11": 0,
            "12": 1,
            "13": 3,
            "14": 0,
            "15": 0,
            "16": 3,
            "17": 3,
            "18": 3,
            "19": 3,
            "20": 3,
            "21": 2,
            "22": 2,
            "23": 2,
            "24": 1,
            "25": 1,
            "26": 1,
            "27": 0,
            "28": 0,
            "29": 0,
            "30": 1,
            "31": 2,
            "32": 0,
            "33": 0,
            "34": 2,
            "35": 2,
            "36": 2,
            "37": 2,
            "38": 1,
            "39": 1,
            "40": 1,
            "41": 1,
            "42": 1,
            "43": 0,
            "44": 0,
            "45": 0
        },
        "f": { "0": 2, "1": 3, "2": 3, "3": 2 },
        "b": {
            "0": [0, 2],
            "1": [0, 3],
            "2": [1, 0],
            "3": [1, 1],
            "4": [0, 2],
            "5": [1, 1]
        },
        "meta": {
            "lastBranch": 6,
            "lastFunction": 4,
            "lastStatement": 46,
            "seen": {
                "s:20:6:20:Infinity": 0,
                "s:23:0:45:Infinity": 1,
                "f:23:25:23:32": 0,
                "b:24:2:27:Infinity:undefined:undefined:undefined:undefined": 0,
                "s:24:2:27:Infinity": 2,
                "s:25:50:25:Infinity": 3,
                "s:26:4:26:Infinity": 4,
                "s:29:2:44:Infinity": 5,
                "s:30:26:34:Infinity": 6,
                "s:36:40:36:Infinity": 7,
                "s:37:4:37:Infinity": 8,
                "s:39:4:39:Infinity": 9,
                "s:40:50:42:Infinity": 10,
                "s:43:4:43:Infinity": 11,
                "s:48:0:112:Infinity": 12,
                "f:48:65:48:72": 1,
                "b:49:4:52:Infinity:undefined:undefined:undefined:undefined": 1,
                "s:49:4:52:Infinity": 13,
                "s:50:52:50:Infinity": 14,
                "s:51:6:51:Infinity": 15,
                "s:54:22:54:Infinity": 16,
                "s:56:4:110:Infinity": 17,
                "s:57:21:88:Infinity": 18,
                "f:57:47:57:54": 2,
                "s:59:27:77:Infinity": 19,
                "s:80:31:85:Infinity": 20,
                "s:87:8:87:Infinity": 21,
                "s:90:47:93:Infinity": 22,
                "s:94:6:94:Infinity": 23,
                "b:96:6:104:Infinity:undefined:undefined:undefined:undefined": 2,
                "s:96:6:104:Infinity": 24,
                "b:97:8:97:Infinity:98:8:98:Infinity": 3,
                "s:100:57:102:Infinity": 25,
                "s:103:8:103:Infinity": 26,
                "s:105:6:105:Infinity": 27,
                "s:106:52:108:Infinity": 28,
                "s:109:6:109:Infinity": 29,
                "s:116:0:154:Infinity": 30,
                "f:116:77:116:84": 3,
                "b:117:4:120:Infinity:undefined:undefined:undefined:undefined": 4,
                "s:117:4:120:Infinity": 31,
                "s:118:52:118:Infinity": 32,
                "s:119:6:119:Infinity": 33,
                "s:122:19:122:Infinity": 34,
                "s:124:4:152:Infinity": 35,
                "s:125:29:130:Infinity": 36,
                "b:132:6:137:Infinity:undefined:undefined:undefined:undefined": 5,
                "s:132:6:137:Infinity": 37,
                "s:133:57:135:Infinity": 38,
                "s:136:8:136:Infinity": 39,
                "s:139:6:141:Infinity": 40,
                "s:142:52:144:Infinity": 41,
                "s:145:6:145:Infinity": 42,
                "s:147:6:147:Infinity": 43,
                "s:148:52:150:Infinity": 44,
                "s:151:6:151:Infinity": 45
            }
        }
    },
    "C:\\Projects\\MovieSwiper-server\\src\\services\\tmdb.ts": {
        "path": "C:\\Projects\\MovieSwiper-server\\src\\services\\tmdb.ts",
        "statementMap": {
            "0": {
                "start": { "line": 8, "column": 4 },
                "end": { "line": 8, "column": null }
            },
            "1": {
                "start": { "line": 9, "column": 4 },
                "end": { "line": 9, "column": null }
            },
            "2": {
                "start": { "line": 13, "column": 16 },
                "end": { "line": 13, "column": null }
            },
            "3": {
                "start": { "line": 14, "column": 4 },
                "end": { "line": 29, "column": null }
            },
            "4": {
                "start": { "line": 15, "column": 23 },
                "end": { "line": 20, "column": null }
            },
            "5": {
                "start": { "line": 21, "column": 6 },
                "end": { "line": 23, "column": null }
            },
            "6": {
                "start": { "line": 22, "column": 8 },
                "end": { "line": 22, "column": null }
            },
            "7": {
                "start": { "line": 24, "column": 19 },
                "end": { "line": 24, "column": null }
            },
            "8": {
                "start": { "line": 25, "column": 6 },
                "end": { "line": 25, "column": null }
            },
            "9": {
                "start": { "line": 27, "column": 6 },
                "end": { "line": 27, "column": null }
            },
            "10": {
                "start": { "line": 28, "column": 6 },
                "end": { "line": 28, "column": null }
            },
            "11": {
                "start": { "line": 33, "column": 48 },
                "end": { "line": 39, "column": null }
            },
            "12": {
                "start": { "line": 41, "column": 4 },
                "end": { "line": 43, "column": null }
            },
            "13": {
                "start": { "line": 42, "column": 6 },
                "end": { "line": 42, "column": null }
            },
            "14": {
                "start": { "line": 45, "column": 24 },
                "end": { "line": 45, "column": null }
            },
            "15": {
                "start": { "line": 47, "column": 16 },
                "end": { "line": 47, "column": null }
            },
            "16": {
                "start": { "line": 48, "column": 4 },
                "end": { "line": 64, "column": null }
            },
            "17": {
                "start": { "line": 49, "column": 23 },
                "end": { "line": 55, "column": null }
            },
            "18": {
                "start": { "line": 56, "column": 6 },
                "end": { "line": 58, "column": null }
            },
            "19": {
                "start": { "line": 57, "column": 8 },
                "end": { "line": 57, "column": null }
            },
            "20": {
                "start": { "line": 59, "column": 19 },
                "end": { "line": 59, "column": null }
            },
            "21": {
                "start": { "line": 60, "column": 6 },
                "end": { "line": 60, "column": null }
            },
            "22": {
                "start": { "line": 62, "column": 6 },
                "end": { "line": 62, "column": null }
            },
            "23": {
                "start": { "line": 63, "column": 6 },
                "end": { "line": 63, "column": null }
            },
            "24": {
                "start": { "line": 68, "column": 16 },
                "end": { "line": 68, "column": null }
            },
            "25": {
                "start": { "line": 69, "column": 4 },
                "end": { "line": 85, "column": null }
            },
            "26": {
                "start": { "line": 70, "column": 23 },
                "end": { "line": 76, "column": null }
            },
            "27": {
                "start": { "line": 77, "column": 6 },
                "end": { "line": 79, "column": null }
            },
            "28": {
                "start": { "line": 78, "column": 8 },
                "end": { "line": 78, "column": null }
            },
            "29": {
                "start": { "line": 80, "column": 19 },
                "end": { "line": 80, "column": null }
            },
            "30": {
                "start": { "line": 81, "column": 6 },
                "end": { "line": 81, "column": null }
            },
            "31": {
                "start": { "line": 83, "column": 6 },
                "end": { "line": 83, "column": null }
            },
            "32": {
                "start": { "line": 84, "column": 6 },
                "end": { "line": 84, "column": null }
            },
            "33": {
                "start": { "line": 89, "column": 16 },
                "end": { "line": 89, "column": null }
            },
            "34": {
                "start": { "line": 90, "column": 4 },
                "end": { "line": 106, "column": null }
            },
            "35": {
                "start": { "line": 91, "column": 23 },
                "end": { "line": 97, "column": null }
            },
            "36": {
                "start": { "line": 98, "column": 6 },
                "end": { "line": 100, "column": null }
            },
            "37": {
                "start": { "line": 99, "column": 8 },
                "end": { "line": 99, "column": null }
            },
            "38": {
                "start": { "line": 101, "column": 19 },
                "end": { "line": 101, "column": null }
            },
            "39": {
                "start": { "line": 102, "column": 6 },
                "end": { "line": 102, "column": null }
            },
            "40": {
                "start": { "line": 104, "column": 6 },
                "end": { "line": 104, "column": null }
            },
            "41": {
                "start": { "line": 105, "column": 6 },
                "end": { "line": 105, "column": null }
            },
            "42": {
                "start": { "line": 110, "column": 16 },
                "end": { "line": 110, "column": null }
            },
            "43": {
                "start": { "line": 111, "column": 4 },
                "end": { "line": 127, "column": null }
            },
            "44": {
                "start": { "line": 112, "column": 23 },
                "end": { "line": 118, "column": null }
            },
            "45": {
                "start": { "line": 119, "column": 6 },
                "end": { "line": 121, "column": null }
            },
            "46": {
                "start": { "line": 120, "column": 8 },
                "end": { "line": 120, "column": null }
            },
            "47": {
                "start": { "line": 122, "column": 19 },
                "end": { "line": 122, "column": null }
            },
            "48": {
                "start": { "line": 123, "column": 6 },
                "end": { "line": 123, "column": null }
            },
            "49": {
                "start": { "line": 125, "column": 6 },
                "end": { "line": 125, "column": null }
            },
            "50": {
                "start": { "line": 126, "column": 6 },
                "end": { "line": 126, "column": null }
            },
            "51": {
                "start": { "line": 131, "column": 27 },
                "end": { "line": 131, "column": null }
            }
        },
        "fnMap": {
            "0": {
                "name": "(anonymous_0)",
                "decl": {
                    "start": { "line": 7, "column": 2 },
                    "end": { "line": 7, "column": 16 }
                },
                "loc": {
                    "start": { "line": 7, "column": 16 },
                    "end": { "line": 10, "column": null }
                },
                "line": 7
            },
            "1": {
                "name": "(anonymous_1)",
                "decl": {
                    "start": { "line": 12, "column": 8 },
                    "end": { "line": 12, "column": 26 }
                },
                "loc": {
                    "start": { "line": 12, "column": 43 },
                    "end": { "line": 30, "column": null }
                },
                "line": 12
            },
            "2": {
                "name": "(anonymous_2)",
                "decl": {
                    "start": { "line": 32, "column": 8 },
                    "end": { "line": 32, "column": 27 }
                },
                "loc": {
                    "start": { "line": 32, "column": 47 },
                    "end": { "line": 65, "column": null }
                },
                "line": 32
            },
            "3": {
                "name": "(anonymous_3)",
                "decl": {
                    "start": { "line": 67, "column": 8 },
                    "end": { "line": 67, "column": 27 }
                },
                "loc": {
                    "start": { "line": 67, "column": 45 },
                    "end": { "line": 86, "column": null }
                },
                "line": 67
            },
            "4": {
                "name": "(anonymous_4)",
                "decl": {
                    "start": { "line": 88, "column": 8 },
                    "end": { "line": 88, "column": 27 }
                },
                "loc": {
                    "start": { "line": 88, "column": 62 },
                    "end": { "line": 107, "column": null }
                },
                "line": 88
            },
            "5": {
                "name": "(anonymous_5)",
                "decl": {
                    "start": { "line": 109, "column": 8 },
                    "end": { "line": 109, "column": 22 }
                },
                "loc": {
                    "start": { "line": 109, "column": 22 },
                    "end": { "line": 128, "column": null }
                },
                "line": 109
            }
        },
        "branchMap": {
            "0": {
                "loc": {
                    "start": { "line": 9, "column": 17 },
                    "end": { "line": 9, "column": null }
                },
                "type": "binary-expr",
                "locations": [
                    {
                        "start": { "line": 9, "column": 17 },
                        "end": { "line": 9, "column": 50 }
                    },
                    {
                        "start": { "line": 9, "column": 50 },
                        "end": { "line": 9, "column": null }
                    }
                ],
                "line": 9
            },
            "1": {
                "loc": {
                    "start": { "line": 21, "column": 6 },
                    "end": { "line": 23, "column": null }
                },
                "type": "if",
                "locations": [
                    {
                        "start": { "line": 21, "column": 6 },
                        "end": { "line": 23, "column": null }
                    },
                    { "start": {}, "end": {} }
                ],
                "line": 21
            },
            "2": {
                "loc": {
                    "start": { "line": 41, "column": 4 },
                    "end": { "line": 43, "column": null }
                },
                "type": "if",
                "locations": [
                    {
                        "start": { "line": 41, "column": 4 },
                        "end": { "line": 43, "column": null }
                    },
                    { "start": {}, "end": {} }
                ],
                "line": 41
            },
            "3": {
                "loc": {
                    "start": { "line": 56, "column": 6 },
                    "end": { "line": 58, "column": null }
                },
                "type": "if",
                "locations": [
                    {
                        "start": { "line": 56, "column": 6 },
                        "end": { "line": 58, "column": null }
                    },
                    { "start": {}, "end": {} }
                ],
                "line": 56
            },
            "4": {
                "loc": {
                    "start": { "line": 67, "column": 27 },
                    "end": { "line": 67, "column": 45 }
                },
                "type": "default-arg",
                "locations": [
                    {
                        "start": { "line": 67, "column": 42 },
                        "end": { "line": 67, "column": 45 }
                    }
                ],
                "line": 67
            },
            "5": {
                "loc": {
                    "start": { "line": 77, "column": 6 },
                    "end": { "line": 79, "column": null }
                },
                "type": "if",
                "locations": [
                    {
                        "start": { "line": 77, "column": 6 },
                        "end": { "line": 79, "column": null }
                    },
                    { "start": {}, "end": {} }
                ],
                "line": 77
            },
            "6": {
                "loc": {
                    "start": { "line": 88, "column": 44 },
                    "end": { "line": 88, "column": 62 }
                },
                "type": "default-arg",
                "locations": [
                    {
                        "start": { "line": 88, "column": 59 },
                        "end": { "line": 88, "column": 62 }
                    }
                ],
                "line": 88
            },
            "7": {
                "loc": {
                    "start": { "line": 98, "column": 6 },
                    "end": { "line": 100, "column": null }
                },
                "type": "if",
                "locations": [
                    {
                        "start": { "line": 98, "column": 6 },
                        "end": { "line": 100, "column": null }
                    },
                    { "start": {}, "end": {} }
                ],
                "line": 98
            },
            "8": {
                "loc": {
                    "start": { "line": 119, "column": 6 },
                    "end": { "line": 121, "column": null }
                },
                "type": "if",
                "locations": [
                    {
                        "start": { "line": 119, "column": 6 },
                        "end": { "line": 121, "column": null }
                    },
                    { "start": {}, "end": {} }
                ],
                "line": 119
            }
        },
        "s": {
            "0": 1,
            "1": 1,
            "2": 1,
            "3": 1,
            "4": 1,
            "5": 1,
            "6": 0,
            "7": 1,
            "8": 1,
            "9": 0,
            "10": 0,
            "11": 1,
            "12": 1,
            "13": 0,
            "14": 1,
            "15": 1,
            "16": 1,
            "17": 1,
            "18": 1,
            "19": 0,
            "20": 1,
            "21": 1,
            "22": 0,
            "23": 0,
            "24": 1,
            "25": 1,
            "26": 1,
            "27": 1,
            "28": 0,
            "29": 1,
            "30": 1,
            "31": 0,
            "32": 0,
            "33": 0,
            "34": 0,
            "35": 0,
            "36": 0,
            "37": 0,
            "38": 0,
            "39": 0,
            "40": 0,
            "41": 0,
            "42": 1,
            "43": 1,
            "44": 1,
            "45": 1,
            "46": 0,
            "47": 1,
            "48": 1,
            "49": 0,
            "50": 0,
            "51": 1
        },
        "f": { "0": 1, "1": 1, "2": 1, "3": 1, "4": 0, "5": 1 },
        "b": {
            "0": [1, 1],
            "1": [0, 1],
            "2": [0, 1],
            "3": [0, 1],
            "4": [1],
            "5": [0, 1],
            "6": [0],
            "7": [0, 0],
            "8": [0, 1]
        },
        "meta": {
            "lastBranch": 9,
            "lastFunction": 6,
            "lastStatement": 52,
            "seen": {
                "f:7:2:7:16": 0,
                "s:8:4:8:Infinity": 0,
                "s:9:4:9:Infinity": 1,
                "b:9:17:9:50:9:50:9:Infinity": 0,
                "f:12:8:12:26": 1,
                "s:13:16:13:Infinity": 2,
                "s:14:4:29:Infinity": 3,
                "s:15:23:20:Infinity": 4,
                "b:21:6:23:Infinity:undefined:undefined:undefined:undefined": 1,
                "s:21:6:23:Infinity": 5,
                "s:22:8:22:Infinity": 6,
                "s:24:19:24:Infinity": 7,
                "s:25:6:25:Infinity": 8,
                "s:27:6:27:Infinity": 9,
                "s:28:6:28:Infinity": 10,
                "f:32:8:32:27": 2,
                "s:33:48:39:Infinity": 11,
                "b:41:4:43:Infinity:undefined:undefined:undefined:undefined": 2,
                "s:41:4:43:Infinity": 12,
                "s:42:6:42:Infinity": 13,
                "s:45:24:45:Infinity": 14,
                "s:47:16:47:Infinity": 15,
                "s:48:4:64:Infinity": 16,
                "s:49:23:55:Infinity": 17,
                "b:56:6:58:Infinity:undefined:undefined:undefined:undefined": 3,
                "s:56:6:58:Infinity": 18,
                "s:57:8:57:Infinity": 19,
                "s:59:19:59:Infinity": 20,
                "s:60:6:60:Infinity": 21,
                "s:62:6:62:Infinity": 22,
                "s:63:6:63:Infinity": 23,
                "f:67:8:67:27": 3,
                "b:67:42:67:45": 4,
                "s:68:16:68:Infinity": 24,
                "s:69:4:85:Infinity": 25,
                "s:70:23:76:Infinity": 26,
                "b:77:6:79:Infinity:undefined:undefined:undefined:undefined": 5,
                "s:77:6:79:Infinity": 27,
                "s:78:8:78:Infinity": 28,
                "s:80:19:80:Infinity": 29,
                "s:81:6:81:Infinity": 30,
                "s:83:6:83:Infinity": 31,
                "s:84:6:84:Infinity": 32,
                "f:88:8:88:27": 4,
                "b:88:59:88:62": 6,
                "s:89:16:89:Infinity": 33,
                "s:90:4:106:Infinity": 34,
                "s:91:23:97:Infinity": 35,
                "b:98:6:100:Infinity:undefined:undefined:undefined:undefined": 7,
                "s:98:6:100:Infinity": 36,
                "s:99:8:99:Infinity": 37,
                "s:101:19:101:Infinity": 38,
                "s:102:6:102:Infinity": 39,
                "s:104:6:104:Infinity": 40,
                "s:105:6:105:Infinity": 41,
                "f:109:8:109:22": 5,
                "s:110:16:110:Infinity": 42,
                "s:111:4:127:Infinity": 43,
                "s:112:23:118:Infinity": 44,
                "b:119:6:121:Infinity:undefined:undefined:undefined:undefined": 8,
                "s:119:6:121:Infinity": 45,
                "s:120:8:120:Infinity": 46,
                "s:122:19:122:Infinity": 47,
                "s:123:6:123:Infinity": 48,
                "s:125:6:125:Infinity": 49,
                "s:126:6:126:Infinity": 50,
                "s:131:27:131:Infinity": 51
            }
        }
    },
    "C:\\Projects\\MovieSwiper-server\\src\\types\\auth.ts": {
        "path": "C:\\Projects\\MovieSwiper-server\\src\\types\\auth.ts",
        "statementMap": {
            "0": {
                "start": { "line": 5, "column": 27 },
                "end": { "line": 8, "column": null }
            },
            "1": {
                "start": { "line": 10, "column": 30 },
                "end": { "line": 15, "column": null }
            }
        },
        "fnMap": {},
        "branchMap": {},
        "s": { "0": 1, "1": 1 },
        "f": {},
        "b": {},
        "meta": {
            "lastBranch": 0,
            "lastFunction": 0,
            "lastStatement": 2,
            "seen": { "s:5:27:8:Infinity": 0, "s:10:30:15:Infinity": 1 }
        }
    },
    "C:\\Projects\\MovieSwiper-server\\src\\types\\recommendations.ts": {
        "path": "C:\\Projects\\MovieSwiper-server\\src\\types\\recommendations.ts",
        "statementMap": {
            "0": {
                "start": { "line": 5, "column": 41 },
                "end": { "line": 7, "column": null }
            }
        },
        "fnMap": {},
        "branchMap": {},
        "s": { "0": 1 },
        "f": {},
        "b": {},
        "meta": {
            "lastBranch": 0,
            "lastFunction": 0,
            "lastStatement": 1,
            "seen": { "s:5:41:7:Infinity": 0 }
        }
    },
    "C:\\Projects\\MovieSwiper-server\\src\\types\\tmdb.ts": {
        "path": "C:\\Projects\\MovieSwiper-server\\src\\types\\tmdb.ts",
        "statementMap": {
            "0": {
                "start": { "line": 4, "column": 34 },
                "end": { "line": 6, "column": null }
            },
            "1": {
                "start": { "line": 8, "column": 32 },
                "end": { "line": 15, "column": null }
            }
        },
        "fnMap": {},
        "branchMap": {},
        "s": { "0": 2, "1": 2 },
        "f": {},
        "b": {},
        "meta": {
            "lastBranch": 0,
            "lastFunction": 0,
            "lastStatement": 2,
            "seen": { "s:4:34:6:Infinity": 0, "s:8:32:15:Infinity": 1 }
        }
    },
    "C:\\Projects\\MovieSwiper-server\\src\\types\\watchlist.ts": {
        "path": "C:\\Projects\\MovieSwiper-server\\src\\types\\watchlist.ts",
        "statementMap": {
            "0": {
                "start": { "line": 5, "column": 36 },
                "end": { "line": 14, "column": null }
            },
            "1": {
                "start": { "line": 16, "column": 41 },
                "end": { "line": 18, "column": null }
            }
        },
        "fnMap": {},
        "branchMap": {},
        "s": { "0": 1, "1": 1 },
        "f": {},
        "b": {},
        "meta": {
            "lastBranch": 0,
            "lastFunction": 0,
            "lastStatement": 2,
            "seen": { "s:5:36:14:Infinity": 0, "s:16:41:18:Infinity": 1 }
        }
    },
    "C:\\Projects\\MovieSwiper-server\\tests\\mocks\\handlers.ts": {
        "path": "C:\\Projects\\MovieSwiper-server\\tests\\mocks\\handlers.ts",
        "statementMap": {
            "0": {
                "start": { "line": 3, "column": 24 },
                "end": { "line": 37, "column": null }
            },
            "1": {
                "start": { "line": 6, "column": 19 },
                "end": { "line": 6, "column": null }
            },
            "2": {
                "start": { "line": 8, "column": 4 },
                "end": { "line": 10, "column": null }
            },
            "3": {
                "start": { "line": 9, "column": 6 },
                "end": { "line": 9, "column": null }
            },
            "4": {
                "start": { "line": 12, "column": 4 },
                "end": { "line": 17, "column": null }
            },
            "5": {
                "start": { "line": 21, "column": 4 },
                "end": { "line": 26, "column": null }
            },
            "6": {
                "start": { "line": 30, "column": 4 },
                "end": { "line": 35, "column": null }
            }
        },
        "fnMap": {
            "0": {
                "name": "(anonymous_0)",
                "decl": {
                    "start": { "line": 5, "column": 53 },
                    "end": { "line": 5, "column": 54 }
                },
                "loc": {
                    "start": { "line": 5, "column": 69 },
                    "end": { "line": 18, "column": 3 }
                },
                "line": 5
            },
            "1": {
                "name": "(anonymous_1)",
                "decl": {
                    "start": { "line": 20, "column": 58 },
                    "end": { "line": 20, "column": 64 }
                },
                "loc": {
                    "start": { "line": 20, "column": 64 },
                    "end": { "line": 27, "column": 3 }
                },
                "line": 20
            },
            "2": {
                "name": "(anonymous_2)",
                "decl": {
                    "start": { "line": 29, "column": 60 },
                    "end": { "line": 29, "column": 66 }
                },
                "loc": {
                    "start": { "line": 29, "column": 66 },
                    "end": { "line": 36, "column": 3 }
                },
                "line": 29
            }
        },
        "branchMap": {
            "0": {
                "loc": {
                    "start": { "line": 8, "column": 4 },
                    "end": { "line": 10, "column": null }
                },
                "type": "if",
                "locations": [
                    {
                        "start": { "line": 8, "column": 4 },
                        "end": { "line": 10, "column": null }
                    },
                    { "start": {}, "end": {} }
                ],
                "line": 8
            }
        },
        "s": { "0": 1, "1": 1, "2": 1, "3": 0, "4": 1, "5": 0, "6": 0 },
        "f": { "0": 1, "1": 0, "2": 0 },
        "b": { "0": [0, 1] },
        "meta": {
            "lastBranch": 1,
            "lastFunction": 3,
            "lastStatement": 7,
            "seen": {
                "s:3:24:37:Infinity": 0,
                "f:5:53:5:54": 0,
                "s:6:19:6:Infinity": 1,
                "b:8:4:10:Infinity:undefined:undefined:undefined:undefined": 0,
                "s:8:4:10:Infinity": 2,
                "s:9:6:9:Infinity": 3,
                "s:12:4:17:Infinity": 4,
                "f:20:58:20:64": 1,
                "s:21:4:26:Infinity": 5,
                "f:29:60:29:66": 2,
                "s:30:4:35:Infinity": 6
            }
        }
    },
    "C:\\Projects\\MovieSwiper-server\\tests\\mocks\\server.ts": {
        "path": "C:\\Projects\\MovieSwiper-server\\tests\\mocks\\server.ts",
        "statementMap": {
            "0": {
                "start": { "line": 4, "column": 13 },
                "end": { "line": 4, "column": null }
            }
        },
        "fnMap": {},
        "branchMap": {},
        "s": { "0": 1 },
        "f": {},
        "b": {},
        "meta": {
            "lastBranch": 0,
            "lastFunction": 0,
            "lastStatement": 1,
            "seen": { "s:4:13:4:Infinity": 0 }
        }
    },
    "C:\\Projects\\MovieSwiper-server\\tests\\utils\\setupMSW.ts": {
        "path": "C:\\Projects\\MovieSwiper-server\\tests\\utils\\setupMSW.ts",
        "statementMap": {
            "0": {
                "start": { "line": 22, "column": 2 },
                "end": { "line": 24, "column": null }
            },
            "1": {
                "start": { "line": 23, "column": 4 },
                "end": { "line": 23, "column": null }
            },
            "2": {
                "start": { "line": 26, "column": 2 },
                "end": { "line": 28, "column": null }
            },
            "3": {
                "start": { "line": 27, "column": 4 },
                "end": { "line": 27, "column": null }
            },
            "4": {
                "start": { "line": 30, "column": 2 },
                "end": { "line": 32, "column": null }
            },
            "5": {
                "start": { "line": 31, "column": 4 },
                "end": { "line": 31, "column": null }
            }
        },
        "fnMap": {
            "0": {
                "name": "setupMSW",
                "decl": {
                    "start": { "line": 21, "column": 16 },
                    "end": { "line": 21, "column": 27 }
                },
                "loc": {
                    "start": { "line": 21, "column": 27 },
                    "end": { "line": 33, "column": null }
                },
                "line": 21
            },
            "1": {
                "name": "(anonymous_1)",
                "decl": {
                    "start": { "line": 22, "column": 12 },
                    "end": { "line": 22, "column": 18 }
                },
                "loc": {
                    "start": { "line": 22, "column": 18 },
                    "end": { "line": 24, "column": 3 }
                },
                "line": 22
            },
            "2": {
                "name": "(anonymous_2)",
                "decl": {
                    "start": { "line": 26, "column": 12 },
                    "end": { "line": 26, "column": 18 }
                },
                "loc": {
                    "start": { "line": 26, "column": 18 },
                    "end": { "line": 28, "column": 3 }
                },
                "line": 26
            },
            "3": {
                "name": "(anonymous_3)",
                "decl": {
                    "start": { "line": 30, "column": 11 },
                    "end": { "line": 30, "column": 17 }
                },
                "loc": {
                    "start": { "line": 30, "column": 17 },
                    "end": { "line": 32, "column": 3 }
                },
                "line": 30
            }
        },
        "branchMap": {},
        "s": { "0": 1, "1": 1, "2": 1, "3": 4, "4": 1, "5": 1 },
        "f": { "0": 1, "1": 1, "2": 4, "3": 1 },
        "b": {},
        "meta": {
            "lastBranch": 0,
            "lastFunction": 4,
            "lastStatement": 6,
            "seen": {
                "f:21:16:21:27": 0,
                "s:22:2:24:Infinity": 0,
                "f:22:12:22:18": 1,
                "s:23:4:23:Infinity": 1,
                "s:26:2:28:Infinity": 2,
                "f:26:12:26:18": 2,
                "s:27:4:27:Infinity": 3,
                "s:30:2:32:Infinity": 4,
                "f:30:11:30:17": 3,
                "s:31:4:31:Infinity": 5
            }
        }
    }
}
