{"C:\\Projects\\MovieSwiper-server\\src\\services\\tmdb.ts": {"path":"C:\\Projects\\MovieSwiper-server\\src\\services\\tmdb.ts","statementMap":{"0":{"start":{"line":8,"column":4},"end":{"line":8,"column":null}},"1":{"start":{"line":9,"column":4},"end":{"line":9,"column":null}},"2":{"start":{"line":13,"column":16},"end":{"line":13,"column":null}},"3":{"start":{"line":14,"column":4},"end":{"line":29,"column":null}},"4":{"start":{"line":15,"column":23},"end":{"line":20,"column":null}},"5":{"start":{"line":21,"column":6},"end":{"line":23,"column":null}},"6":{"start":{"line":22,"column":8},"end":{"line":22,"column":null}},"7":{"start":{"line":24,"column":19},"end":{"line":24,"column":null}},"8":{"start":{"line":25,"column":6},"end":{"line":25,"column":null}},"9":{"start":{"line":27,"column":6},"end":{"line":27,"column":null}},"10":{"start":{"line":28,"column":6},"end":{"line":28,"column":null}},"11":{"start":{"line":33,"column":48},"end":{"line":39,"column":null}},"12":{"start":{"line":41,"column":4},"end":{"line":43,"column":null}},"13":{"start":{"line":42,"column":6},"end":{"line":42,"column":null}},"14":{"start":{"line":45,"column":24},"end":{"line":45,"column":null}},"15":{"start":{"line":47,"column":16},"end":{"line":47,"column":null}},"16":{"start":{"line":48,"column":4},"end":{"line":64,"column":null}},"17":{"start":{"line":49,"column":23},"end":{"line":55,"column":null}},"18":{"start":{"line":56,"column":6},"end":{"line":58,"column":null}},"19":{"start":{"line":57,"column":8},"end":{"line":57,"column":null}},"20":{"start":{"line":59,"column":19},"end":{"line":59,"column":null}},"21":{"start":{"line":60,"column":6},"end":{"line":60,"column":null}},"22":{"start":{"line":62,"column":6},"end":{"line":62,"column":null}},"23":{"start":{"line":63,"column":6},"end":{"line":63,"column":null}},"24":{"start":{"line":68,"column":16},"end":{"line":68,"column":null}},"25":{"start":{"line":69,"column":4},"end":{"line":85,"column":null}},"26":{"start":{"line":70,"column":23},"end":{"line":76,"column":null}},"27":{"start":{"line":77,"column":6},"end":{"line":79,"column":null}},"28":{"start":{"line":78,"column":8},"end":{"line":78,"column":null}},"29":{"start":{"line":80,"column":19},"end":{"line":80,"column":null}},"30":{"start":{"line":81,"column":6},"end":{"line":81,"column":null}},"31":{"start":{"line":83,"column":6},"end":{"line":83,"column":null}},"32":{"start":{"line":84,"column":6},"end":{"line":84,"column":null}},"33":{"start":{"line":89,"column":4},"end":{"line":89,"column":null}},"34":{"start":{"line":90,"column":16},"end":{"line":90,"column":null}},"35":{"start":{"line":91,"column":4},"end":{"line":107,"column":null}},"36":{"start":{"line":92,"column":23},"end":{"line":98,"column":null}},"37":{"start":{"line":99,"column":6},"end":{"line":101,"column":null}},"38":{"start":{"line":100,"column":8},"end":{"line":100,"column":null}},"39":{"start":{"line":102,"column":19},"end":{"line":102,"column":null}},"40":{"start":{"line":103,"column":6},"end":{"line":103,"column":null}},"41":{"start":{"line":105,"column":6},"end":{"line":105,"column":null}},"42":{"start":{"line":106,"column":6},"end":{"line":106,"column":null}},"43":{"start":{"line":111,"column":16},"end":{"line":111,"column":null}},"44":{"start":{"line":112,"column":4},"end":{"line":129,"column":null}},"45":{"start":{"line":113,"column":23},"end":{"line":119,"column":null}},"46":{"start":{"line":120,"column":6},"end":{"line":122,"column":null}},"47":{"start":{"line":121,"column":8},"end":{"line":121,"column":null}},"48":{"start":{"line":123,"column":19},"end":{"line":123,"column":null}},"49":{"start":{"line":124,"column":6},"end":{"line":124,"column":null}},"50":{"start":{"line":125,"column":6},"end":{"line":125,"column":null}},"51":{"start":{"line":127,"column":6},"end":{"line":127,"column":null}},"52":{"start":{"line":128,"column":6},"end":{"line":128,"column":null}},"53":{"start":{"line":133,"column":27},"end":{"line":133,"column":null}}},"fnMap":{"0":{"name":"(anonymous_0)","decl":{"start":{"line":7,"column":2},"end":{"line":7,"column":16}},"loc":{"start":{"line":7,"column":16},"end":{"line":10,"column":null}},"line":7},"1":{"name":"(anonymous_1)","decl":{"start":{"line":12,"column":8},"end":{"line":12,"column":26}},"loc":{"start":{"line":12,"column":43},"end":{"line":30,"column":null}},"line":12},"2":{"name":"(anonymous_2)","decl":{"start":{"line":32,"column":8},"end":{"line":32,"column":27}},"loc":{"start":{"line":32,"column":47},"end":{"line":65,"column":null}},"line":32},"3":{"name":"(anonymous_3)","decl":{"start":{"line":67,"column":8},"end":{"line":67,"column":27}},"loc":{"start":{"line":67,"column":45},"end":{"line":86,"column":null}},"line":67},"4":{"name":"(anonymous_4)","decl":{"start":{"line":88,"column":8},"end":{"line":88,"column":27}},"loc":{"start":{"line":88,"column":62},"end":{"line":108,"column":null}},"line":88},"5":{"name":"(anonymous_5)","decl":{"start":{"line":110,"column":8},"end":{"line":110,"column":22}},"loc":{"start":{"line":110,"column":22},"end":{"line":130,"column":null}},"line":110}},"branchMap":{"0":{"loc":{"start":{"line":9,"column":17},"end":{"line":9,"column":null}},"type":"binary-expr","locations":[{"start":{"line":9,"column":17},"end":{"line":9,"column":50}},{"start":{"line":9,"column":50},"end":{"line":9,"column":null}}],"line":9},"1":{"loc":{"start":{"line":21,"column":6},"end":{"line":23,"column":null}},"type":"if","locations":[{"start":{"line":21,"column":6},"end":{"line":23,"column":null}},{"start":{},"end":{}}],"line":21},"2":{"loc":{"start":{"line":41,"column":4},"end":{"line":43,"column":null}},"type":"if","locations":[{"start":{"line":41,"column":4},"end":{"line":43,"column":null}},{"start":{},"end":{}}],"line":41},"3":{"loc":{"start":{"line":56,"column":6},"end":{"line":58,"column":null}},"type":"if","locations":[{"start":{"line":56,"column":6},"end":{"line":58,"column":null}},{"start":{},"end":{}}],"line":56},"4":{"loc":{"start":{"line":67,"column":27},"end":{"line":67,"column":45}},"type":"default-arg","locations":[{"start":{"line":67,"column":42},"end":{"line":67,"column":45}}],"line":67},"5":{"loc":{"start":{"line":77,"column":6},"end":{"line":79,"column":null}},"type":"if","locations":[{"start":{"line":77,"column":6},"end":{"line":79,"column":null}},{"start":{},"end":{}}],"line":77},"6":{"loc":{"start":{"line":88,"column":44},"end":{"line":88,"column":62}},"type":"default-arg","locations":[{"start":{"line":88,"column":59},"end":{"line":88,"column":62}}],"line":88},"7":{"loc":{"start":{"line":99,"column":6},"end":{"line":101,"column":null}},"type":"if","locations":[{"start":{"line":99,"column":6},"end":{"line":101,"column":null}},{"start":{},"end":{}}],"line":99},"8":{"loc":{"start":{"line":120,"column":6},"end":{"line":122,"column":null}},"type":"if","locations":[{"start":{"line":120,"column":6},"end":{"line":122,"column":null}},{"start":{},"end":{}}],"line":120}},"s":{"0":1,"1":1,"2":1,"3":1,"4":1,"5":1,"6":0,"7":1,"8":1,"9":0,"10":0,"11":1,"12":1,"13":0,"14":1,"15":1,"16":1,"17":1,"18":1,"19":0,"20":1,"21":1,"22":0,"23":0,"24":1,"25":1,"26":1,"27":1,"28":0,"29":1,"30":1,"31":0,"32":0,"33":0,"34":0,"35":0,"36":0,"37":0,"38":0,"39":0,"40":0,"41":0,"42":0,"43":1,"44":1,"45":1,"46":1,"47":0,"48":1,"49":1,"50":1,"51":0,"52":0,"53":1},"f":{"0":1,"1":1,"2":1,"3":1,"4":0,"5":1},"b":{"0":[1,1],"1":[0,1],"2":[0,1],"3":[0,1],"4":[1],"5":[0,1],"6":[0],"7":[0,0],"8":[0,1]},"meta":{"lastBranch":9,"lastFunction":6,"lastStatement":54,"seen":{"f:7:2:7:16":0,"s:8:4:8:Infinity":0,"s:9:4:9:Infinity":1,"b:9:17:9:50:9:50:9:Infinity":0,"f:12:8:12:26":1,"s:13:16:13:Infinity":2,"s:14:4:29:Infinity":3,"s:15:23:20:Infinity":4,"b:21:6:23:Infinity:undefined:undefined:undefined:undefined":1,"s:21:6:23:Infinity":5,"s:22:8:22:Infinity":6,"s:24:19:24:Infinity":7,"s:25:6:25:Infinity":8,"s:27:6:27:Infinity":9,"s:28:6:28:Infinity":10,"f:32:8:32:27":2,"s:33:48:39:Infinity":11,"b:41:4:43:Infinity:undefined:undefined:undefined:undefined":2,"s:41:4:43:Infinity":12,"s:42:6:42:Infinity":13,"s:45:24:45:Infinity":14,"s:47:16:47:Infinity":15,"s:48:4:64:Infinity":16,"s:49:23:55:Infinity":17,"b:56:6:58:Infinity:undefined:undefined:undefined:undefined":3,"s:56:6:58:Infinity":18,"s:57:8:57:Infinity":19,"s:59:19:59:Infinity":20,"s:60:6:60:Infinity":21,"s:62:6:62:Infinity":22,"s:63:6:63:Infinity":23,"f:67:8:67:27":3,"b:67:42:67:45":4,"s:68:16:68:Infinity":24,"s:69:4:85:Infinity":25,"s:70:23:76:Infinity":26,"b:77:6:79:Infinity:undefined:undefined:undefined:undefined":5,"s:77:6:79:Infinity":27,"s:78:8:78:Infinity":28,"s:80:19:80:Infinity":29,"s:81:6:81:Infinity":30,"s:83:6:83:Infinity":31,"s:84:6:84:Infinity":32,"f:88:8:88:27":4,"b:88:59:88:62":6,"s:89:4:89:Infinity":33,"s:90:16:90:Infinity":34,"s:91:4:107:Infinity":35,"s:92:23:98:Infinity":36,"b:99:6:101:Infinity:undefined:undefined:undefined:undefined":7,"s:99:6:101:Infinity":37,"s:100:8:100:Infinity":38,"s:102:19:102:Infinity":39,"s:103:6:103:Infinity":40,"s:105:6:105:Infinity":41,"s:106:6:106:Infinity":42,"f:110:8:110:22":5,"s:111:16:111:Infinity":43,"s:112:4:129:Infinity":44,"s:113:23:119:Infinity":45,"b:120:6:122:Infinity:undefined:undefined:undefined:undefined":8,"s:120:6:122:Infinity":46,"s:121:8:121:Infinity":47,"s:123:19:123:Infinity":48,"s:124:6:124:Infinity":49,"s:125:6:125:Infinity":50,"s:127:6:127:Infinity":51,"s:128:6:128:Infinity":52,"s:133:27:133:Infinity":53}}}
,"C:\\Projects\\MovieSwiper-server\\src\\types\\tmdb.ts": {"path":"C:\\Projects\\MovieSwiper-server\\src\\types\\tmdb.ts","statementMap":{"0":{"start":{"line":4,"column":34},"end":{"line":6,"column":null}},"1":{"start":{"line":8,"column":32},"end":{"line":15,"column":null}}},"fnMap":{},"branchMap":{},"s":{"0":1,"1":1},"f":{},"b":{},"meta":{"lastBranch":0,"lastFunction":0,"lastStatement":2,"seen":{"s:4:34:6:Infinity":0,"s:8:32:15:Infinity":1}}}
,"C:\\Projects\\MovieSwiper-server\\tests\\mocks\\handlers.ts": {"path":"C:\\Projects\\MovieSwiper-server\\tests\\mocks\\handlers.ts","statementMap":{"0":{"start":{"line":3,"column":24},"end":{"line":37,"column":null}},"1":{"start":{"line":6,"column":19},"end":{"line":6,"column":null}},"2":{"start":{"line":8,"column":4},"end":{"line":10,"column":null}},"3":{"start":{"line":9,"column":6},"end":{"line":9,"column":null}},"4":{"start":{"line":12,"column":4},"end":{"line":17,"column":null}},"5":{"start":{"line":21,"column":4},"end":{"line":26,"column":null}},"6":{"start":{"line":30,"column":4},"end":{"line":35,"column":null}}},"fnMap":{"0":{"name":"(anonymous_0)","decl":{"start":{"line":5,"column":53},"end":{"line":5,"column":54}},"loc":{"start":{"line":5,"column":69},"end":{"line":18,"column":3}},"line":5},"1":{"name":"(anonymous_1)","decl":{"start":{"line":20,"column":58},"end":{"line":20,"column":64}},"loc":{"start":{"line":20,"column":64},"end":{"line":27,"column":3}},"line":20},"2":{"name":"(anonymous_2)","decl":{"start":{"line":29,"column":60},"end":{"line":29,"column":66}},"loc":{"start":{"line":29,"column":66},"end":{"line":36,"column":3}},"line":29}},"branchMap":{"0":{"loc":{"start":{"line":8,"column":4},"end":{"line":10,"column":null}},"type":"if","locations":[{"start":{"line":8,"column":4},"end":{"line":10,"column":null}},{"start":{},"end":{}}],"line":8}},"s":{"0":1,"1":1,"2":1,"3":0,"4":1,"5":0,"6":0},"f":{"0":1,"1":0,"2":0},"b":{"0":[0,1]},"meta":{"lastBranch":1,"lastFunction":3,"lastStatement":7,"seen":{"s:3:24:37:Infinity":0,"f:5:53:5:54":0,"s:6:19:6:Infinity":1,"b:8:4:10:Infinity:undefined:undefined:undefined:undefined":0,"s:8:4:10:Infinity":2,"s:9:6:9:Infinity":3,"s:12:4:17:Infinity":4,"f:20:58:20:64":1,"s:21:4:26:Infinity":5,"f:29:60:29:66":2,"s:30:4:35:Infinity":6}}}
,"C:\\Projects\\MovieSwiper-server\\tests\\mocks\\server.ts": {"path":"C:\\Projects\\MovieSwiper-server\\tests\\mocks\\server.ts","statementMap":{"0":{"start":{"line":4,"column":13},"end":{"line":4,"column":null}}},"fnMap":{},"branchMap":{},"s":{"0":1},"f":{},"b":{},"meta":{"lastBranch":0,"lastFunction":0,"lastStatement":1,"seen":{"s:4:13:4:Infinity":0}}}
}
